<?xml version="1.0" encoding="UTF-8"?>
<!-- Generated by org.testng.reporters.JUnitReportReporter -->
<testsuite hostname="Akshay-PC" name="TestNG.SessionHandling" tests="4" failures="0" timestamp="18 Aug 2019 07:52:01 GMT" time="163.404" errors="0">
  <testcase name="executeSessionTwo" time="37.141" classname="TestNG.SessionHandling"/>
  <testcase name="executSessionFour" time="53.570" classname="TestNG.SessionHandling"/>
  <testcase name="executSessionOne" time="30.026" classname="TestNG.SessionHandling"/>
  <testcase name="executSessionThree" time="42.667" classname="TestNG.SessionHandling"/>
</testsuite> <!-- TestNG.SessionHandling -->
